<?xml version="1.0" encoding="UTF-8"?>
<!-- Generated by org.testng.reporters.JUnitXMLReporter -->
<testsuite ignored="0" hostname="0ad5875f488d519" failures="0" tests="8" name="Test" time="55.607" errors="0" timestamp="2025-02-25T19:07:13 IST">
  <testcase classname="testcases.verification_testcase" name="verifyVerificationModule" time="4.882"/>
  <testcase classname="testcases.verification_testcase" name="verifyVerificationSubModules" time="0.01"/>
  <testcase classname="testcases.verification_testcase" name="verifyInventoryTabsAndButtonsAreDisplayed" time="10.53"/>
  <testcase classname="testcases.verification_testcase" name="verifyNavigationToAnotherSubModuleAfterOpeningTheInventorySection" time="0.768"/>
  <testcase classname="testcases.verification_testcase" name="verifyNavigationOfTabs" time="2.772"/>
  <testcase classname="testcases.verification_testcase" name="verifySearchDataByDateFilter" time="0.59"/>
  <testcase classname="testcases.verification_testcase" name="verifyToolTipText" time="0.679"/>
  <testcase classname="testcases.verification_testcase" name="verifyDatesAreRemeberedCorrectly" time="4.179"/>
</testsuite> <!-- Test -->
